#
# A fatal error has been detected by the Java Runtime Environment:
#
# java.lang.OutOfMemoryError: requested 32744 bytes for ChunkPool::allocate. Out of swap space?
#
#  Internal Error (allocation.cpp:117), pid=158964, tid=79204
#  Error: ChunkPool::allocate
#
# JRE version: 6.0_17-b04
# Java VM: Java HotSpot(TM) 64-Bit Server VM (14.3-b01 mixed mode windows-amd64 )
# If you would like to submit a bug report, please visit:
#   http://java.sun.com/webapps/bugreport/crash.jsp
#

---------------  T H R E A D  ---------------

Current thread (0x0000000056157000):  JavaThread "CompilerThread1" daemon [_thread_in_native, id=79204, stack(0x0000000088210000,0x000000008c210000)]

Stack: [0x0000000088210000,0x000000008c210000]

Current CompileTask:
C2:2078      org.netbeans.editor.Syntax.nextToken()Lorg/netbeans/editor/TokenID; (72 bytes)


---------------  P R O C E S S  ---------------

Java Threads: ( => current thread )
  0x00000000601d0800 JavaThread "Code Analyzer updating thread" [_thread_blocked, id=30792, stack(0x0000000014140000,0x00000000141c0000)]
  0x00000000601d3000 JavaThread "RequestQueue for GenericFileList" [_thread_blocked, id=58008, stack(0x0000000057ba0000,0x0000000057c20000)]
  0x00000000601ce000 JavaThread "pool-3-thread-1" [_thread_blocked, id=24036, stack(0x00000000151f0000,0x0000000015270000)]
  0x0000000056d28800 JavaThread "Code Analyzer updating thread" [_thread_blocked, id=38416, stack(0x00000000639d0000,0x0000000063a50000)]
  0x0000000056d27000 JavaThread "Code Analyzer updating thread" [_thread_blocked, id=157960, stack(0x0000000063cd0000,0x0000000063d50000)]
  0x0000000056d26800 JavaThread "Code Analyzer updating thread" [_thread_blocked, id=25616, stack(0x0000000063ba0000,0x0000000063c20000)]
  0x0000000056d26000 JavaThread "Code Analyzer updating thread" [_thread_blocked, id=6004, stack(0x0000000063a60000,0x0000000063ae0000)]
  0x0000000056d25000 JavaThread "Code Analyzer updating thread" [_thread_blocked, id=166372, stack(0x0000000062f00000,0x0000000062f80000)]
  0x0000000056d24800 JavaThread "Active Reference Queue Daemon" daemon [_thread_blocked, id=163048, stack(0x0000000063040000,0x00000000630c0000)]
  0x00000000601d4800 JavaThread "Timer-6" daemon [_thread_blocked, id=162044, stack(0x0000000063930000,0x00000000639b0000)]
  0x00000000601d3800 JavaThread "Timer-5" daemon [_thread_blocked, id=24476, stack(0x00000000637b0000,0x0000000063830000)]
  0x00000000601d0000 JavaThread "Prefs Updater" daemon [_thread_blocked, id=156964, stack(0x0000000051f10000,0x0000000051f90000)]
  0x00000000601cf800 JavaThread "Timer-1" [_thread_blocked, id=159288, stack(0x0000000063230000,0x00000000632b0000)]
  0x00000000601cd000 JavaThread "FelixPackageAdmin" daemon [_thread_blocked, id=51976, stack(0x000000005bcb0000,0x000000005bd30000)]
  0x0000000060735800 JavaThread "FelixStartLevel" daemon [_thread_blocked, id=23516, stack(0x0000000021380000,0x0000000021400000)]
  0x0000000060583000 JavaThread "FelixDispatchQueue" daemon [_thread_blocked, id=6588, stack(0x0000000056d90000,0x0000000056e10000)]
  0x0000000056654800 JavaThread "TimerQueue" daemon [_thread_blocked, id=152376, stack(0x000000004de20000,0x000000004dea0000)]
  0x000000006013e000 JavaThread "AWT-EventQueue-0" [_thread_blocked, id=7196, stack(0x0000000056e10000,0x0000000056e90000)]
  0x00000000603bb800 JavaThread "AWT-Shutdown" [_thread_blocked, id=23512, stack(0x0000000049d90000,0x0000000049e10000)]
  0x0000000060379000 JavaThread "com.google.common.base.internal.Finalizer" daemon [_thread_blocked, id=158468, stack(0x0000000045bb0000,0x0000000045c30000)]
  0x0000000060216000 JavaThread "AWT-Windows" daemon [_thread_in_native, id=224464, stack(0x0000000029580000,0x0000000029600000)]
  0x0000000056d1b000 JavaThread "Java2D Disposer" daemon [_thread_blocked, id=159580, stack(0x0000000010f30000,0x0000000010fb0000)]
  0x00000000561d7000 JavaThread "Timer-0" [_thread_blocked, id=50416, stack(0x0000000029500000,0x0000000029580000)]
  0x0000000056d70000 JavaThread "JMI Unnamed Thread" [_thread_in_native, id=213824, stack(0x0000000019190000,0x000000001d190000)]
  0x000000005615b800 JavaThread "Low Memory Detector" daemon [_thread_blocked, id=110772, stack(0x00000000190a0000,0x0000000019120000)]
=>0x0000000056157000 JavaThread "CompilerThread1" daemon [_thread_in_native, id=79204, stack(0x0000000088210000,0x000000008c210000)]
  0x0000000056152000 JavaThread "CompilerThread0" daemon [_thread_blocked, id=164008, stack(0x0000000084080000,0x0000000088080000)]
  0x000000005614e000 JavaThread "Attach Listener" daemon [_thread_blocked, id=103452, stack(0x0000000021300000,0x0000000021380000)]
  0x00000000560f0000 JavaThread "Finalizer" daemon [_thread_blocked, id=54912, stack(0x000000001d1e0000,0x000000001d260000)]
  0x00000000560eb000 JavaThread "Reference Handler" daemon [_thread_blocked, id=162148, stack(0x0000000010eb0000,0x0000000010f30000)]
  0x000000000591f000 JavaThread "main" [_thread_in_native, id=162472, stack(0x0000000000060000,0x0000000004060000)]

Other Threads:
  0x00000000560e6000 VMThread [stack: 0x0000000080000000,0x0000000084000000] [id=161656]
  0x000000005615c800 WatcherThread [stack: 0x000000008c380000,0x0000000090380000] [id=154000]

VM state:not at safepoint (normal execution)

VM Mutex/Monitor currently owned by a thread: None

Heap
 PSYoungGen      total 18816K, used 1767K [0x0000000042a80000, 0x00000000443e0000, 0x0000000045b80000)
  eden space 12736K, 8% used [0x0000000042a80000,0x0000000042b91f50,0x00000000436f0000)
  from space 6080K, 11% used [0x00000000436f0000,0x0000000043798000,0x0000000043ce0000)
  to   space 5440K, 0% used [0x0000000043e90000,0x0000000043e90000,0x00000000443e0000)
 PSOldGen        total 76608K, used 64874K [0x0000000039780000, 0x000000003e250000, 0x0000000042a80000)
  object space 76608K, 84% used [0x0000000039780000,0x000000003d6da980,0x000000003e250000)
 PSPermGen       total 60992K, used 60414K [0x0000000031780000, 0x0000000035310000, 0x0000000039780000)
  object space 60992K, 99% used [0x0000000031780000,0x000000003527fa28,0x0000000035310000)

Dynamic libraries:
0x000000013f9a0000 - 0x000000013f9c9000 	C:\Program Files\MATLAB\R2011b\bin\win64\MATLAB.exe
0x0000000076e80000 - 0x0000000077029000 	C:\Windows\SYSTEM32\ntdll.dll
0x0000000076c60000 - 0x0000000076d7f000 	C:\Windows\system32\kernel32.dll
0x000007fefcf20000 - 0x000007fefcf8c000 	C:\Windows\system32\KERNELBASE.dll
0x0000000074460000 - 0x0000000074563000 	C:\Program Files\MATLAB\R2011b\bin\win64\libut.dll
0x00000000758a0000 - 0x0000000075944000 	C:\Program Files\MATLAB\R2011b\bin\win64\libmwi18n.dll
0x0000000180000000 - 0x000000018000b000 	C:\Program Files\MATLAB\R2011b\bin\win64\libmwresource_core.dll
0x0000000071190000 - 0x0000000071263000 	C:\Windows\WinSxS\amd64_microsoft.vc90.crt_1fc8b3b9a1e18e3b_9.0.30729.6161_none_08e61857a83bc251\MSVCP90.dll
0x00000000712a0000 - 0x0000000071343000 	C:\Windows\WinSxS\amd64_microsoft.vc90.crt_1fc8b3b9a1e18e3b_9.0.30729.6161_none_08e61857a83bc251\MSVCR90.dll
0x000000007a170000 - 0x000000007a19c000 	C:\Program Files\MATLAB\R2011b\bin\win64\boost_filesystem-vc90-mt-1_44.dll
0x000000007a560000 - 0x000000007a569000 	C:\Program Files\MATLAB\R2011b\bin\win64\boost_system-vc90-mt-1_44.dll
0x000007fefe290000 - 0x000007fefe36b000 	C:\Windows\system32\ADVAPI32.dll
0x000007fefdf30000 - 0x000007fefdfcf000 	C:\Windows\system32\msvcrt.dll
0x000007feff170000 - 0x000007feff18f000 	C:\Windows\SYSTEM32\sechost.dll
0x000007fefec20000 - 0x000007fefed4d000 	C:\Windows\system32\RPCRT4.dll
0x000000007a010000 - 0x000000007a035000 	C:\Program Files\MATLAB\R2011b\bin\win64\LIBEXPAT.dll
0x0000000072540000 - 0x0000000072731000 	C:\Program Files\MATLAB\R2011b\bin\win64\icuin44.dll
0x000000006fdc0000 - 0x000000006ff31000 	C:\Program Files\MATLAB\R2011b\bin\win64\icuuc44.dll
0x0000000010000000 - 0x0000000010e41000 	C:\Program Files\MATLAB\R2011b\bin\win64\icudt44.dll
0x0000000073f70000 - 0x00000000740b5000 	C:\Program Files\MATLAB\R2011b\bin\win64\libmwfl.dll
0x000000007a350000 - 0x000000007a556000 	C:\Program Files\MATLAB\R2011b\bin\win64\libmwMATLAB_res.dll
0x0000000004260000 - 0x0000000004270000 	C:\Program Files\MATLAB\R2011b\bin\win64\boost_date_time-vc90-mt-1_44.dll
0x000000007a250000 - 0x000000007a263000 	C:\Program Files\MATLAB\R2011b\bin\win64\boost_signals-vc90-mt-1_44.dll
0x000000007a2d0000 - 0x000000007a2e2000 	C:\Program Files\MATLAB\R2011b\bin\win64\boost_thread-vc90-mt-1_44.dll
0x00000000042a0000 - 0x00000000042e6000 	C:\Program Files\MATLAB\R2011b\bin\win64\tbb.dll
0x000007fefea00000 - 0x000007fefea17000 	C:\Windows\system32\imagehlp.dll
0x0000000077050000 - 0x0000000077057000 	C:\Windows\system32\PSAPI.DLL
0x0000000004300000 - 0x0000000004313000 	C:\Program Files\MATLAB\R2011b\bin\win64\icuio44.dll
0x000007fef2870000 - 0x000007fef2995000 	C:\Windows\system32\dbghelp.dll
0x0000000076d80000 - 0x0000000076e7a000 	C:\Windows\system32\USER32.dll
0x000007feff060000 - 0x000007feff0c7000 	C:\Windows\system32\GDI32.dll
0x000007feff050000 - 0x000007feff05e000 	C:\Windows\system32\LPK.dll
0x000007fefe5d0000 - 0x000007fefe699000 	C:\Windows\system32\USP10.dll
0x000000007bed0000 - 0x000000007c148000 	C:\Program Files\MATLAB\R2011b\bin\win64\libmwservices.dll
0x0000000075a20000 - 0x0000000075ad5000 	C:\Program Files\MATLAB\R2011b\bin\win64\libmx.dll
0x000000007a210000 - 0x000000007a228000 	C:\Program Files\MATLAB\R2011b\bin\win64\zlib1.dll
0x0000000074330000 - 0x0000000074453000 	C:\Program Files\MATLAB\R2011b\bin\win64\libmwmathutil.dll
0x0000000075f10000 - 0x0000000075f5d000 	C:\Program Files\MATLAB\R2011b\bin\win64\mpath.dll
0x000000007b680000 - 0x000000007bb4d000 	C:\Program Files\MATLAB\R2011b\bin\win64\mlutil.dll
0x0000000072ad0000 - 0x0000000072b4f000 	C:\Program Files\MATLAB\R2011b\bin\win64\xmlcore.dll
0x000000007bc30000 - 0x000000007be83000 	C:\Program Files\MATLAB\R2011b\bin\win64\xerces-c_2_7.dll
0x000007fefe580000 - 0x000007fefe5cd000 	C:\Windows\system32\WS2_32.dll
0x000007fefeb90000 - 0x000007fefeb98000 	C:\Windows\system32\NSI.dll
0x00000000043b0000 - 0x00000000043c6000 	C:\Program Files\MATLAB\R2011b\bin\win64\libmwsettings_res.dll
0x00000000043e0000 - 0x0000000004427000 	C:\Program Files\MATLAB\R2011b\bin\win64\boost_serialization-vc90-mt-1_44.dll
0x000007fefd1a0000 - 0x000007fefdf28000 	C:\Windows\system32\SHELL32.dll
0x000007fefeba0000 - 0x000007fefec11000 	C:\Windows\system32\SHLWAPI.dll
0x000007fefa060000 - 0x000007fefa100000 	C:\Windows\WinSxS\amd64_microsoft.windows.common-controls_6595b64144ccf1df_5.82.7601.17514_none_a4d6a923711520a9\COMCTL32.dll
0x000007fefed50000 - 0x000007fefede7000 	C:\Windows\system32\COMDLG32.dll
0x000007fefa7b0000 - 0x000007fefa7c6000 	C:\Windows\system32\NETAPI32.dll
0x000007fefc240000 - 0x000007fefc24c000 	C:\Windows\system32\netutils.dll
0x000007fefc8e0000 - 0x000007fefc903000 	C:\Windows\system32\srvcli.dll
0x000007fefa790000 - 0x000007fefa7a5000 	C:\Windows\system32\wkscli.dll
0x000007fefe370000 - 0x000007fefe573000 	C:\Windows\system32\ole32.dll
0x000007fefdfd0000 - 0x000007fefe0a7000 	C:\Windows\system32\OLEAUT32.dll
0x0000000074970000 - 0x0000000074a41000 	C:\Program Files\MATLAB\R2011b\bin\win64\mcr.dll
0x0000000075000000 - 0x0000000075324000 	C:\Program Files\MATLAB\R2011b\bin\win64\iqm.dll
0x000000006f5f0000 - 0x000000006fdc0000 	C:\Program Files\MATLAB\R2011b\bin\win64\m_interpreter.dll
0x0000000004470000 - 0x0000000004485000 	C:\Program Files\MATLAB\R2011b\bin\win64\libmex.dll
0x0000000072ca0000 - 0x0000000072d4e000 	C:\Program Files\MATLAB\R2011b\bin\win64\m_dispatcher.dll
0x0000000074880000 - 0x000000007496d000 	C:\Program Files\MATLAB\R2011b\bin\win64\boost_regex-vc90-mt-1_44.dll
0x00000000729a0000 - 0x0000000072a24000 	C:\Program Files\MATLAB\R2011b\bin\win64\profiler.dll
0x0000000079f40000 - 0x0000000079f73000 	C:\Program Files\MATLAB\R2011b\bin\win64\libmwmathrng.dll
0x0000000074c10000 - 0x0000000074cea000 	C:\Program Files\MATLAB\R2011b\bin\win64\libmwmathcore.dll
0x0000000076160000 - 0x00000000761cb000 	C:\Program Files\MATLAB\R2011b\bin\win64\libmwspmatrix.dll
0x0000000075ea0000 - 0x0000000075f02000 	C:\Program Files\MATLAB\R2011b\bin\win64\libmwcholmod.dll
0x0000000004510000 - 0x000000000451d000 	C:\Program Files\MATLAB\R2011b\bin\win64\libmwamd.dll
0x0000000004530000 - 0x000000000453c000 	C:\Program Files\MATLAB\R2011b\bin\win64\libmwcolamd.dll
0x0000000072f50000 - 0x0000000072f69000 	C:\Program Files\MATLAB\R2011b\bin\win64\libmwblas.dll
0x0000000072ef0000 - 0x0000000072f02000 	C:\Program Files\MATLAB\R2011b\bin\win64\libmwbinder.dll
0x00000000730b0000 - 0x00000000730bb000 	C:\Program Files\MATLAB\R2011b\bin\win64\libmwompwrapper.dll
0x0000000072910000 - 0x0000000072992000 	C:\Program Files\MATLAB\R2011b\bin\win64\libmwlapack.dll
0x0000000072ec0000 - 0x0000000072ee1000 	C:\Program Files\MATLAB\R2011b\bin\win64\m_pcodeio.dll
0x0000000079b10000 - 0x0000000079b77000 	C:\Program Files\MATLAB\R2011b\bin\win64\m_ir.dll
0x000000006efb0000 - 0x000000006f5f0000 	C:\Program Files\MATLAB\R2011b\bin\win64\m_parser.dll
0x0000000072ea0000 - 0x0000000072eba000 	C:\Program Files\MATLAB\R2011b\bin\win64\ir_xfmr.dll
0x000000006ed20000 - 0x000000006efa5000 	C:\Program Files\MATLAB\R2011b\bin\win64\mcos.dll
0x0000000072e00000 - 0x0000000072e0c000 	C:\Program Files\MATLAB\R2011b\bin\win64\mtok.dll
0x0000000072500000 - 0x0000000072531000 	C:\Program Files\MATLAB\R2011b\bin\win64\m_pcodegen.dll
0x0000000079fb0000 - 0x0000000079fe5000 	C:\Program Files\MATLAB\R2011b\bin\win64\libmwbridge.dll
0x0000000072300000 - 0x00000000723c8000 	C:\Program Files\MATLAB\R2011b\bin\win64\udd.dll
0x000000006e590000 - 0x000000006e6d7000 	C:\Program Files\MATLAB\R2011b\bin\win64\libmwgui.dll
0x0000000072db0000 - 0x0000000072dc7000 	C:\Program Files\MATLAB\R2011b\bin\win64\graphics_util.dll
0x0000000004640000 - 0x0000000004ff0000 	C:\Program Files\MATLAB\R2011b\bin\win64\hg.dll
0x0000000076100000 - 0x0000000076158000 	C:\Program Files\MATLAB\R2011b\bin\win64\libmat.dll
0x0000000005010000 - 0x0000000005224000 	C:\Program Files\MATLAB\R2011b\bin\win64\hdf5dll.dll
0x0000000075710000 - 0x000000007579d000 	C:\Program Files\MATLAB\R2011b\bin\win64\jmi.dll
0x0000000005250000 - 0x000000000525e000 	C:\Program Files\MATLAB\R2011b\bin\win64\nativejava_services.dll
0x0000000072d60000 - 0x0000000072da3000 	C:\Program Files\MATLAB\R2011b\bin\win64\libmwhardcopy.dll
0x0000000072490000 - 0x00000000724f3000 	C:\Program Files\MATLAB\R2011b\bin\win64\libuij.dll
0x000000006e380000 - 0x000000006e587000 	C:\Program Files\MATLAB\R2011b\bin\win64\hgdatatypes.dll
0x000000006e730000 - 0x000000006e829000 	C:\Program Files\MATLAB\R2011b\bin\win64\hgutils.dll
0x0000000071c80000 - 0x0000000071d3d000 	C:\Program Files\MATLAB\R2011b\bin\win64\udd_mi.dll
0x00000000052c0000 - 0x0000000005589000 	C:\Program Files\MATLAB\R2011b\bin\win64\uiw.dll
0x0000000072df0000 - 0x0000000072dff000 	C:\Program Files\MATLAB\R2011b\bin\win64\uinone.dll
0x000007fef66f0000 - 0x000007fef6708000 	C:\Windows\system32\MPR.dll
0x000000006de90000 - 0x000000006e374000 	C:\Windows\WinSxS\amd64_microsoft.vc90.mfc_1fc8b3b9a1e18e3b_9.0.30729.6161_none_044aad0bab1eb146\mfc90.dll
0x000007fefa4e0000 - 0x000007fefa4e7000 	C:\Windows\system32\MSIMG32.dll
0x000007fefa460000 - 0x000007fefa4d1000 	C:\Windows\system32\WINSPOOL.DRV
0x00000000722d0000 - 0x00000000722f1000 	C:\Program Files\MATLAB\R2011b\bin\win64\mwoles05.DLL
0x0000000071df0000 - 0x0000000071e65000 	C:\Program Files\MATLAB\R2011b\bin\win64\comcli.dll
0x0000000071dc0000 - 0x0000000071def000 	C:\Windows\WinSxS\amd64_microsoft.vc90.atl_1fc8b3b9a1e18e3b_9.0.30729.6161_none_0a1fd3a3a768b895\ATL90.DLL
0x0000000072c90000 - 0x0000000072c9c000 	C:\Program Files\MATLAB\R2011b\bin\win64\mlautoregister.dll
0x00000000055e0000 - 0x00000000055f0000 	C:\Program Files\MATLAB\R2011b\bin\win64\boost_iostreams-vc90-mt-1_44.dll
0x000007fefe720000 - 0x000007fefe74e000 	C:\Windows\system32\IMM32.DLL
0x000007fefea20000 - 0x000007fefeb29000 	C:\Windows\system32\MSCTF.dll
0x000007fefb690000 - 0x000007fefb6e6000 	C:\Windows\system32\UxTheme.dll
0x000007fefaf50000 - 0x000007fefaf68000 	C:\Windows\system32\dwmapi.dll
0x0000000070860000 - 0x000000007086d000 	C:\Windows\WinSxS\amd64_microsoft.vc90.mfcloc_1fc8b3b9a1e18e3b_9.0.30729.6161_none_01c9581e60cbee58\MFC90ENU.DLL
0x00000000058e0000 - 0x0000000005909000 	C:\Program Files\MATLAB\R2011b\bin\win64\tbbmalloc.dll
0x000007fefcdd0000 - 0x000007fefcddf000 	C:\Windows\system32\profapi.dll
0x000007fefb700000 - 0x000007fefb70f000 	C:\Program Files\MATLAB\R2011b\bin\win64\xmlxrcsc.dll
0x000007fefcc60000 - 0x000007fefcc6f000 	C:\Windows\system32\CRYPTBASE.dll
0x0000000057a20000 - 0x0000000057a54000 	C:\Fraps\fraps64.dll
0x000007fefb990000 - 0x000007fefbb84000 	C:\Windows\WinSxS\amd64_microsoft.windows.common-controls_6595b64144ccf1df_6.0.7601.17514_none_fa396087175ac9ac\comctl32.dll
0x000007feff0d0000 - 0x000007feff169000 	C:\Windows\system32\CLBCatQ.DLL
0x000007fefb2e0000 - 0x000007fefb40c000 	C:\Windows\system32\propsys.dll
0x000007fefe0b0000 - 0x000007fefe287000 	C:\Windows\system32\SETUPAPI.dll
0x000007fefcf90000 - 0x000007fefcfc6000 	C:\Windows\system32\CFGMGR32.dll
0x000007fefcfd0000 - 0x000007fefcfea000 	C:\Windows\system32\DEVOBJ.dll
0x000007fefbe90000 - 0x000007fefbebd000 	C:\Windows\system32\ntmarta.dll
0x000007fefeb30000 - 0x000007fefeb82000 	C:\Windows\system32\WLDAP32.dll
0x000007fefa710000 - 0x000007fefa737000 	C:\Windows\system32\iphlpapi.dll
0x000007fefa700000 - 0x000007fefa70b000 	C:\Windows\system32\WINNSI.DLL
0x000007fefc480000 - 0x000007fefc4db000 	C:\Windows\system32\DNSAPI.dll
0x000007fef9bb0000 - 0x000007fef9bc1000 	C:\Windows\system32\dhcpcsvc6.DLL
0x000007fef9b90000 - 0x000007fef9ba8000 	C:\Windows\system32\dhcpcsvc.DLL
0x0000000064350000 - 0x0000000064353000 	C:\Windows\system32\icmp.Dll

VM Arguments:
jvm_args: -Xss512k -XX:PermSize=32m -Xms64m -XX:NewRatio=3 -XX:MaxPermSize=128m -Xmx196m -XX:MaxDirectMemorySize=2147400000 -Dsun.java2d.noddraw=true -Dsun.awt.nopixfmt=true -Xshare:off -Xrs -Dsun.awt.disableMixing=true -Djava.library.path=C:\Program Files\MATLAB\R2011b\bin\win64 vfprintf abort 
java_command: <unknown>
Launcher Type: generic

Environment Variables:
PATH=C:\Program Files\Common Files\Microsoft Shared\Windows Live;C:\Program Files (x86)\Common Files\Microsoft Shared\Windows Live;C:\Program Files\ImageMagick-6.6.6-Q16;C:\Windows\system32;C:\Windows;C:\Windows\System32\Wbem;C:\Windows\System32\WindowsPowerShell\v1.0\;C:\Program Files\MATLAB\R2011b\runtime\win64;C:\Program Files\MATLAB\R2011b\bin;C:\Program Files\MATLAB\R2009b\runtime\win64;C:\Program Files\MATLAB\R2009b\bin;C:\Program Files (x86)\Microsoft SQL Server\90\Tools\binn\;C:\python26\;C:\mksnt;C:\Program Files (x86)\Windows Live\Shared;C:\Users\stewarth\Desktop\osg\zlib\bin;C:\Program Files\TortoiseSVN\bin;C:\Program Files\Common Files\Autodesk Shared\;C:\Program Files (x86)\Visual Leak Detector\bin\Win32;C:\Program Files (x86)\Visual Leak Detector\bin\Win64;C:\textureMapLibraries\OpenCV\bin;C:\textureMapLibraries\gsl\DLL;C:\textureMapLibraries\OpenSceneGraph\bin\
USERNAME=pcheng
OS=Windows_NT
PROCESSOR_IDENTIFIER=Intel64 Family 6 Model 26 Stepping 5, GenuineIntel



---------------  S Y S T E M  ---------------

OS: Windows 7 Build 7601 Service Pack 1

CPU:total 8 (8 cores per cpu, 2 threads per core) family 6 model 26 stepping 5, cmov, cx8, fxsr, mmx, sse, sse2, sse3, ssse3, sse4.1, sse4.2, ht

Memory: 4k page, physical 25163348k(136408k free), swap 100651540k(3616k free)

vm_info: Java HotSpot(TM) 64-Bit Server VM (14.3-b01) for windows-amd64 JRE (1.6.0_17-b04), built on Oct 11 2009 00:46:08 by "java_re" with MS VC++ 8.0

time: Sun Apr 22 15:49:00 2012
elapsed time: 49436 seconds

