Build started 7/9/2012 10:03:15 AM.
     1>Project "C:\Users\pcheng\Documents\plane_mapping\renderPlanes\renderPlanes\renderPlanes.vcxproj" on node 2 (rebuild target(s)).
     1>_PrepareForClean:
         Deleting file "x64\Debug\renderPlanes.lastbuildstate".
       InitializeBuildStatus:
         Creating "x64\Debug\renderPlanes.unsuccessfulbuild" because "AlwaysCreate" was specified.
       ClCompile:
         C:\Program Files (x86)\Microsoft Visual Studio 10.0\VC\bin\x86_amd64\CL.exe /c /I"C:\textureMapLibraries\OpenSceneGraph-3.0.1\include" /Zi /nologo /W3 /WX- /Od /D WIN32 /D _DEBUG /D _CONSOLE /D _UNICODE /D UNICODE /Gm /EHsc /RTC1 /MDd /GS /fp:precise /Zc:wchar_t /Zc:forScope /Fo"x64\Debug\\" /Fd"x64\Debug\vc100.pdb" /Gd /TP /errorReport:prompt renderPlanes.cpp utilities.cpp
         utilities.cpp
         renderPlanes.cpp
         Generating Code...
       ManifestResourceCompile:
         C:\Program Files (x86)\Microsoft SDKs\Windows\v7.0A\bin\rc.exe /nologo /fo"x64\Debug\renderPlanes.exe.embed.manifest.res" x64\Debug\renderPlanes_manifest.rc 
       Link:
         C:\Program Files (x86)\Microsoft Visual Studio 10.0\VC\bin\x86_amd64\link.exe /ERRORREPORT:PROMPT /OUT:"C:\Users\pcheng\Documents\plane_mapping\renderPlanes\x64\Debug\renderPlanes.exe" /INCREMENTAL /NOLOGO /LIBPATH:"C:\textureMapLibraries\OpenSceneGraph-3.0.1\lib" kernel32.lib user32.lib gdi32.lib winspool.lib comdlg32.lib advapi32.lib shell32.lib ole32.lib oleaut32.lib uuid.lib odbc32.lib odbccp32.lib kernel32.lib user32.lib gdi32.lib winspool.lib comdlg32.lib advapi32.lib shell32.lib ole32.lib oleaut32.lib uuid.lib odbc32.lib odbccp32.lib OpenThreadsd.lib osgd.lib osgDBd.lib osgGAd.lib osgUtild.lib osgViewerd.lib /MANIFEST /ManifestFile:"x64\Debug\renderPlanes.exe.intermediate.manifest" /MANIFESTUAC:"level='asInvoker' uiAccess='false'" /DEBUG /PDB:"C:\Users\pcheng\Documents\plane_mapping\renderPlanes\x64\Debug\renderPlanes.pdb" /SUBSYSTEM:CONSOLE /TLBID:1 /DYNAMICBASE /NXCOMPAT /IMPLIB:"C:\Users\pcheng\Documents\plane_mapping\renderPlanes\x64\Debug\renderPlanes.lib" /MACHINE:X64 x64\Debug\renderPlanes.exe.embed.manifest.res
         x64\Debug\renderPlanes.obj
         x64\Debug\utilities.obj
         renderPlanes.vcxproj -> C:\Users\pcheng\Documents\plane_mapping\renderPlanes\x64\Debug\renderPlanes.exe
       Manifest:
         Deleting file "x64\Debug\renderPlanes.exe.embed.manifest".
         C:\Program Files (x86)\Microsoft SDKs\Windows\v7.0A\bin\mt.exe /nologo /verbose /out:"x64\Debug\renderPlanes.exe.embed.manifest" /manifest x64\Debug\renderPlanes.exe.intermediate.manifest
         C:\Program Files (x86)\Microsoft SDKs\Windows\v7.0A\bin\rc.exe /nologo /fo"x64\Debug\renderPlanes.exe.embed.manifest.res" x64\Debug\renderPlanes_manifest.rc 
       LinkEmbedManifest:
         C:\Program Files (x86)\Microsoft Visual Studio 10.0\VC\bin\x86_amd64\link.exe /ERRORREPORT:PROMPT /OUT:"C:\Users\pcheng\Documents\plane_mapping\renderPlanes\x64\Debug\renderPlanes.exe" /INCREMENTAL /NOLOGO /LIBPATH:"C:\textureMapLibraries\OpenSceneGraph-3.0.1\lib" kernel32.lib user32.lib gdi32.lib winspool.lib comdlg32.lib advapi32.lib shell32.lib ole32.lib oleaut32.lib uuid.lib odbc32.lib odbccp32.lib kernel32.lib user32.lib gdi32.lib winspool.lib comdlg32.lib advapi32.lib shell32.lib ole32.lib oleaut32.lib uuid.lib odbc32.lib odbccp32.lib OpenThreadsd.lib osgd.lib osgDBd.lib osgGAd.lib osgUtild.lib osgViewerd.lib /MANIFEST /ManifestFile:"x64\Debug\renderPlanes.exe.intermediate.manifest" /MANIFESTUAC:"level='asInvoker' uiAccess='false'" /DEBUG /PDB:"C:\Users\pcheng\Documents\plane_mapping\renderPlanes\x64\Debug\renderPlanes.pdb" /SUBSYSTEM:CONSOLE /TLBID:1 /DYNAMICBASE /NXCOMPAT /IMPLIB:"C:\Users\pcheng\Documents\plane_mapping\renderPlanes\x64\Debug\renderPlanes.lib" /MACHINE:X64 x64\Debug\renderPlanes.exe.embed.manifest.res
         x64\Debug\renderPlanes.obj
         x64\Debug\utilities.obj
         renderPlanes.vcxproj -> C:\Users\pcheng\Documents\plane_mapping\renderPlanes\x64\Debug\renderPlanes.exe
       FinalizeBuildStatus:
         Deleting file "x64\Debug\renderPlanes.unsuccessfulbuild".
         Touching "x64\Debug\renderPlanes.lastbuildstate".
     1>Done Building Project "C:\Users\pcheng\Documents\plane_mapping\renderPlanes\renderPlanes\renderPlanes.vcxproj" (rebuild target(s)).

Build succeeded.

Time Elapsed 00:00:17.83
